2023-08-20 22:44:10.104 main                               download_rename INFO   booting up
2023-08-20 22:44:10.104 main                               download_rename INFO   Starting the bot
2023-08-20 22:44:10.907 tokio-runtime-worker               download_rename INFO   Logged in as nightly_test_bot
2023-08-20 23:06:00.772 main                               download_rename INFO   booting up
2023-08-20 23:06:00.772 main                               download_rename INFO   Starting the bot
2023-08-20 23:06:01.584 tokio-runtime-worker               download_rename INFO   Logged in as nightly_test_bot
2023-08-20 23:18:37.182 main                               download_rename INFO   booting up
2023-08-20 23:18:37.182 main                               download_rename INFO   Starting the bot
2023-08-20 23:18:38.060 tokio-runtime-worker               download_rename INFO   Logged in as nightly_test_bot
2023-08-20 23:28:20.323 main                               download_rename INFO   booting up
2023-08-20 23:28:20.323 main                               download_rename INFO   Starting the bot
2023-08-20 23:28:21.170 tokio-runtime-worker               download_rename INFO   Logged in as nightly_test_bot
2023-08-20 23:30:35.556 main                               download_rename INFO   booting up
2023-08-20 23:30:35.557 main                               download_rename INFO   Starting the bot
2023-08-20 23:30:36.325 tokio-runtime-worker               download_rename INFO   Logged in as nightly_test_bot
2023-08-20 23:33:33.266 main                               download_rename INFO   booting up
2023-08-20 23:33:33.266 main                               download_rename INFO   Starting the bot
2023-08-20 23:33:34.101 tokio-runtime-worker               download_rename INFO   Logged in as nightly_test_bot
2023-08-20 23:33:54.340 tokio-runtime-worker               download_rename INFO   Received message from maxwai in channel download-bot-rust: 
2023-08-20 23:34:32.196 main                               download_rename INFO   booting up
2023-08-20 23:34:32.196 main                               download_rename INFO   Starting the bot
2023-08-20 23:34:33.037 tokio-runtime-worker               download_rename INFO   Logged in as nightly_test_bot
2023-08-20 23:34:54.761 main                               download_rename INFO   booting up
2023-08-20 23:34:54.761 main                               download_rename INFO   Starting the bot
2023-08-20 23:34:55.697 tokio-runtime-worker               download_rename INFO   Logged in as nightly_test_bot
2023-08-20 23:37:47.823 main                               download_rename INFO   booting up
2023-08-20 23:37:47.823 main                               download_rename INFO   Starting the bot
2023-08-20 23:37:48.701 tokio-runtime-worker               download_rename INFO   Logged in as nightly_test_bot
2023-08-20 23:55:44.725 main                               download_rename INFO   booting up
2023-08-20 23:55:44.725 main                               download_rename INFO   Starting the bot
2023-08-20 23:55:45.502 tokio-runtime-worker               download_rename INFO   Logged in as nightly_test_bot
2023-08-20 23:55:53.011 tokio-runtime-worker               download_rename INFO   Received message from maxwai in channel download-bot-rust: 
2023-08-20 23:56:58.108 main                               download_rename INFO   booting up
2023-08-20 23:56:58.108 main                               download_rename INFO   Starting the bot
2023-08-20 23:56:58.949 tokio-runtime-worker               download_rename INFO   Logged in as nightly_test_bot
2023-08-20 23:57:05.597 tokio-runtime-worker               poise::builtins WARN   Recognized prefix `!`, but didn't recognize command name in `test`
2023-08-21 00:01:34.312 main                               download_rename INFO   booting up
2023-08-21 00:01:34.312 main                               download_rename INFO   Starting the bot
2023-08-21 00:01:35.203 tokio-runtime-worker               download_rename INFO   Logged in as nightly_test_bot
2023-08-21 00:01:38.501 tokio-runtime-worker               poise::builtins WARN   Recognized prefix `!`, but didn't recognize command name in `test`
2023-08-21 00:01:52.438 tokio-runtime-worker               download_rename INFO   Received message from maxwai in channel download-bot-rust: 
2023-08-21 00:07:34.245 main                               download_rename INFO   booting up
2023-08-21 00:07:34.245 main                               download_rename INFO   Starting the bot
2023-08-21 00:07:35.099 tokio-runtime-worker               download_rename INFO   Logged in as nightly_test_bot
2023-08-21 00:07:38.036 tokio-runtime-worker               poise::builtins WARN   Recognized prefix `!`, but didn't recognize command name in `test`
2023-08-21 00:07:38.036 tokio-runtime-worker               download_rename INFO   Received message from maxwai in channel download-bot-rust: !test
2023-08-21 00:07:42.520 tokio-runtime-worker               download_rename INFO   Received message from maxwai in channel download-bot-rust: !ping
2023-08-21 00:08:53.590 main                               download_rename INFO   booting up
2023-08-21 00:08:53.590 main                               download_rename INFO   Starting the bot
2023-08-21 00:08:54.535 tokio-runtime-worker               download_rename INFO   Logged in as nightly_test_bot
2023-08-21 00:08:54.535 tokio-runtime-worker               download_rename INFO   "Ready"
2023-08-21 00:08:54.635 tokio-runtime-worker               download_rename INFO   "ShardStageUpdate"
2023-08-21 00:08:54.636 tokio-runtime-worker               download_rename INFO   "GuildCreate"
2023-08-21 00:08:54.636 tokio-runtime-worker               download_rename INFO   "CacheReady"
2023-08-21 00:08:57.593 tokio-runtime-worker               download_rename INFO   "MessageUpdate"
2023-08-21 00:08:57.597 tokio-runtime-worker               download_rename INFO   "InteractionCreate"
2023-08-21 00:09:38.113 main                               download_rename INFO   booting up
2023-08-21 00:09:38.113 main                               download_rename INFO   Starting the bot
2023-08-21 00:09:38.964 tokio-runtime-worker               download_rename INFO   Logged in as nightly_test_bot
2023-08-21 00:09:38.964 tokio-runtime-worker               download_rename INFO   "Ready"
2023-08-21 00:09:38.965 tokio-runtime-worker               download_rename INFO   "CacheReady"
2023-08-21 00:09:38.965 tokio-runtime-worker               download_rename INFO   "GuildCreate"
2023-08-21 00:09:39.064 tokio-runtime-worker               download_rename INFO   "ShardStageUpdate"
2023-08-21 00:11:22.964 tokio-runtime-worker               download_rename INFO   "ShardStageUpdate"
2023-08-21 00:11:22.964 tokio-runtime-worker               download_rename INFO   "Resume"
2023-08-21 00:11:22.977 tokio-runtime-worker               poise::structs: ERROR  Error while handling error: Unknown interaction
2023-08-21 00:11:22.977 tokio-runtime-worker               download_rename INFO   "InteractionCreate"
2023-08-21 00:13:39.367 main                               download_rename INFO   booting up
2023-08-21 00:13:39.367 main                               download_rename INFO   Starting the bot
2023-08-21 00:13:40.216 tokio-runtime-worker               download_rename INFO   Logged in as nightly_test_bot
2023-08-21 00:13:40.216 tokio-runtime-worker               download_rename INFO   "Ready"
2023-08-21 00:13:40.315 tokio-runtime-worker               download_rename INFO   "ShardStageUpdate"
2023-08-21 00:13:40.317 tokio-runtime-worker               download_rename INFO   "GuildCreate"
2023-08-21 00:13:40.318 tokio-runtime-worker               download_rename INFO   "CacheReady"
2023-08-21 00:13:49.944 main                               download_rename INFO   booting up
2023-08-21 00:13:49.944 main                               download_rename INFO   Starting the bot
2023-08-21 00:13:50.815 tokio-runtime-worker               download_rename INFO   Logged in as nightly_test_bot
2023-08-21 00:13:50.815 tokio-runtime-worker               download_rename INFO   "Ready"
2023-08-21 00:13:50.816 tokio-runtime-worker               download_rename INFO   "CacheReady"
2023-08-21 00:13:50.816 tokio-runtime-worker               download_rename INFO   "GuildCreate"
2023-08-21 00:13:50.916 tokio-runtime-worker               download_rename INFO   "ShardStageUpdate"
2023-08-21 00:13:55.399 tokio-runtime-worker               download_rename INFO   Received slash Command from maxwai in channel download-bot-rust: ping
2023-08-21 00:13:55.992 tokio-runtime-worker               download_rename INFO   "InteractionCreate"
2023-08-21 00:13:56.004 tokio-runtime-worker               download_rename INFO   "MessageUpdate"
